Navigated to http://localhost:3000/
main-app.js?v=1752410985956:2314 Download the React DevTools for a better development experience: https://react.dev/link/react-devtools
storeUtils.ts:113 [ModelStore] Initializing model data on mount undefined
storeUtils.ts:113 [ModelStore] Cache version mismatch, invalidating cache undefined
storeUtils.ts:113 [ModelStore] Fetching fresh model data undefined
storeUtils.ts:113 [ModelStore] Initializing model data on mount undefined
storeUtils.ts:117 [ModelStore] Fetch already in progress, skipping undefined
warn @ storeUtils.ts:117
fetchModels @ useModelStore.ts:153
useModelSelection.useEffect @ useModelStore.ts:520
react-stack-bottom-frame @ react-dom-client.development.js:23055
runWithFiberInDEV @ react-dom-client.development.js:845
commitHookEffectListMount @ react-dom-client.development.js:11978
commitHookPassiveMountEffects @ react-dom-client.development.js:12099
reconnectPassiveEffects @ react-dom-client.development.js:14097
recursivelyTraverseReconnectPassiveEffects @ react-dom-client.development.js:14068
reconnectPassiveEffects @ react-dom-client.development.js:14144
recursivelyTraverseReconnectPassiveEffects @ react-dom-client.development.js:14068
reconnectPassiveEffects @ react-dom-client.development.js:14144
recursivelyTraverseReconnectPassiveEffects @ react-dom-client.development.js:14068
reconnectPassiveEffects @ react-dom-client.development.js:14144
recursivelyTraverseReconnectPassiveEffects @ react-dom-client.development.js:14068
reconnectPassiveEffects @ react-dom-client.development.js:14144
recursivelyTraverseReconnectPassiveEffects @ react-dom-client.development.js:14068
reconnectPassiveEffects @ react-dom-client.development.js:14090
recursivelyTraverseReconnectPassiveEffects @ react-dom-client.development.js:14068
reconnectPassiveEffects @ react-dom-client.development.js:14144
recursivelyTraverseReconnectPassiveEffects @ react-dom-client.development.js:14068
reconnectPassiveEffects @ react-dom-client.development.js:14090
recursivelyTraverseReconnectPassiveEffects @ react-dom-client.development.js:14068
reconnectPassiveEffects @ react-dom-client.development.js:14090
recursivelyTraverseReconnectPassiveEffects @ react-dom-client.development.js:14068
reconnectPassiveEffects @ react-dom-client.development.js:14090
recursivelyTraverseReconnectPassiveEffects @ react-dom-client.development.js:14068
reconnectPassiveEffects @ react-dom-client.development.js:14090
recursivelyTraverseReconnectPassiveEffects @ react-dom-client.development.js:14068
reconnectPassiveEffects @ react-dom-client.development.js:14144
recursivelyTraverseReconnectPassiveEffects @ react-dom-client.development.js:14068
reconnectPassiveEffects @ react-dom-client.development.js:14090
recursivelyTraverseReconnectPassiveEffects @ react-dom-client.development.js:14068
reconnectPassiveEffects @ react-dom-client.development.js:14090
recursivelyTraverseReconnectPassiveEffects @ react-dom-client.development.js:14068
reconnectPassiveEffects @ react-dom-client.development.js:14144
recursivelyTraverseReconnectPassiveEffects @ react-dom-client.development.js:14068
reconnectPassiveEffects @ react-dom-client.development.js:14090
recursivelyTraverseReconnectPassiveEffects @ react-dom-client.development.js:14068
reconnectPassiveEffects @ react-dom-client.development.js:14144
recursivelyTraverseReconnectPassiveEffects @ react-dom-client.development.js:14068
reconnectPassiveEffects @ react-dom-client.development.js:14144
recursivelyTraverseReconnectPassiveEffects @ react-dom-client.development.js:14068
reconnectPassiveEffects @ react-dom-client.development.js:14090
recursivelyTraverseReconnectPassiveEffects @ react-dom-client.development.js:14068
reconnectPassiveEffects @ react-dom-client.development.js:14144
recursivelyTraverseReconnectPassiveEffects @ react-dom-client.development.js:14068
reconnectPassiveEffects @ react-dom-client.development.js:14090
recursivelyTraverseReconnectPassiveEffects @ react-dom-client.development.js:14068
reconnectPassiveEffects @ react-dom-client.development.js:14144
recursivelyTraverseReconnectPassiveEffects @ react-dom-client.development.js:14068
reconnectPassiveEffects @ react-dom-client.development.js:14090
recursivelyTraverseReconnectPassiveEffects @ react-dom-client.development.js:14068
reconnectPassiveEffects @ react-dom-client.development.js:14090
recursivelyTraverseReconnectPassiveEffects @ react-dom-client.development.js:14068
reconnectPassiveEffects @ react-dom-client.development.js:14090
recursivelyTraverseReconnectPassiveEffects @ react-dom-client.development.js:14068
reconnectPassiveEffects @ react-dom-client.development.js:14144
recursivelyTraverseReconnectPassiveEffects @ react-dom-client.development.js:14068
reconnectPassiveEffects @ react-dom-client.development.js:14090
recursivelyTraverseReconnectPassiveEffects @ react-dom-client.development.js:14068
reconnectPassiveEffects @ react-dom-client.development.js:14090
recursivelyTraverseReconnectPassiveEffects @ react-dom-client.development.js:14068
reconnectPassiveEffects @ react-dom-client.development.js:14144
doubleInvokeEffectsOnFiber @ react-dom-client.development.js:16100
runWithFiberInDEV @ react-dom-client.development.js:845
recursivelyTraverseAndDoubleInvokeEffectsInDEV @ react-dom-client.development.js:16060
recursivelyTraverseAndDoubleInvokeEffectsInDEV @ react-dom-client.development.js:16067
recursivelyTraverseAndDoubleInvokeEffectsInDEV @ react-dom-client.development.js:16067
recursivelyTraverseAndDoubleInvokeEffectsInDEV @ react-dom-client.development.js:16067
recursivelyTraverseAndDoubleInvokeEffectsInDEV @ react-dom-client.development.js:16067
recursivelyTraverseAndDoubleInvokeEffectsInDEV @ react-dom-client.development.js:16067
recursivelyTraverseAndDoubleInvokeEffectsInDEV @ react-dom-client.development.js:16067
recursivelyTraverseAndDoubleInvokeEffectsInDEV @ react-dom-client.development.js:16067
recursivelyTraverseAndDoubleInvokeEffectsInDEV @ react-dom-client.development.js:16067
recursivelyTraverseAndDoubleInvokeEffectsInDEV @ react-dom-client.development.js:16067
recursivelyTraverseAndDoubleInvokeEffectsInDEV @ react-dom-client.development.js:16067
recursivelyTraverseAndDoubleInvokeEffectsInDEV @ react-dom-client.development.js:16067
recursivelyTraverseAndDoubleInvokeEffectsInDEV @ react-dom-client.development.js:16067
recursivelyTraverseAndDoubleInvokeEffectsInDEV @ react-dom-client.development.js:16067
recursivelyTraverseAndDoubleInvokeEffectsInDEV @ react-dom-client.development.js:16067
recursivelyTraverseAndDoubleInvokeEffectsInDEV @ react-dom-client.development.js:16067
recursivelyTraverseAndDoubleInvokeEffectsInDEV @ react-dom-client.development.js:16067
recursivelyTraverseAndDoubleInvokeEffectsInDEV @ react-dom-client.development.js:16067
recursivelyTraverseAndDoubleInvokeEffectsInDEV @ react-dom-client.development.js:16067
recursivelyTraverseAndDoubleInvokeEffectsInDEV @ react-dom-client.development.js:16067
recursivelyTraverseAndDoubleInvokeEffectsInDEV @ react-dom-client.development.js:16067
recursivelyTraverseAndDoubleInvokeEffectsInDEV @ react-dom-client.development.js:16067
recursivelyTraverseAndDoubleInvokeEffectsInDEV @ react-dom-client.development.js:16067
recursivelyTraverseAndDoubleInvokeEffectsInDEV @ react-dom-client.development.js:16067
recursivelyTraverseAndDoubleInvokeEffectsInDEV @ react-dom-client.development.js:16067
recursivelyTraverseAndDoubleInvokeEffectsInDEV @ react-dom-client.development.js:16067
recursivelyTraverseAndDoubleInvokeEffectsInDEV @ react-dom-client.development.js:16067
recursivelyTraverseAndDoubleInvokeEffectsInDEV @ react-dom-client.development.js:16067
recursivelyTraverseAndDoubleInvokeEffectsInDEV @ react-dom-client.development.js:16067
recursivelyTraverseAndDoubleInvokeEffectsInDEV @ react-dom-client.development.js:16067
recursivelyTraverseAndDoubleInvokeEffectsInDEV @ react-dom-client.development.js:16067
commitDoubleInvokeEffectsInDEV @ react-dom-client.development.js:16109
flushPassiveEffects @ react-dom-client.development.js:15879
eval @ react-dom-client.development.js:15505
performWorkUntilDeadline @ scheduler.development.js:45
"use client"
ChatPage @ page.tsx:7
eval @ react-server-dom-webpack-client.browser.development.js:2355
initializeModelChunk @ react-server-dom-webpack-client.browser.development.js:1054
getOutlinedModel @ react-server-dom-webpack-client.browser.development.js:1327
parseModelString @ react-server-dom-webpack-client.browser.development.js:1540
eval @ react-server-dom-webpack-client.browser.development.js:2294
initializeModelChunk @ react-server-dom-webpack-client.browser.development.js:1054
resolveModelChunk @ react-server-dom-webpack-client.browser.development.js:1031
resolveModel @ react-server-dom-webpack-client.browser.development.js:1599
processFullStringRow @ react-server-dom-webpack-client.browser.development.js:2288
processFullBinaryRow @ react-server-dom-webpack-client.browser.development.js:2233
progress @ react-server-dom-webpack-client.browser.development.js:2479
<ChatPage>
buildFakeTask @ react-server-dom-webpack-client.browser.development.js:2040
initializeFakeTask @ react-server-dom-webpack-client.browser.development.js:2027
resolveDebugInfo @ react-server-dom-webpack-client.browser.development.js:2063
processFullStringRow @ react-server-dom-webpack-client.browser.development.js:2261
processFullBinaryRow @ react-server-dom-webpack-client.browser.development.js:2233
progress @ react-server-dom-webpack-client.browser.development.js:2479
"use server"
ResponseInstance @ react-server-dom-webpack-client.browser.development.js:1587
createResponseFromOptions @ react-server-dom-webpack-client.browser.development.js:2396
exports.createFromReadableStream @ react-server-dom-webpack-client.browser.development.js:2717
createFromNextReadableStream @ fetch-server-response.js:172
fetchServerResponse @ fetch-server-response.js:126
await in fetchServerResponse
eval @ prefetch-cache-utils.js:197
task @ promise-queue.js:30
processNext @ promise-queue.js:81
enqueue @ promise-queue.js:45
createLazyPrefetchEntry @ prefetch-cache-utils.js:197
getOrCreatePrefetchCacheEntry @ prefetch-cache-utils.js:144
navigateReducer @ navigate-reducer.js:163
clientReducer @ router-reducer.js:25
action @ app-router-instance.js:156
runAction @ app-router-instance.js:66
dispatchAction @ app-router-instance.js:120
dispatch @ app-router-instance.js:154
eval @ use-action-queue.js:55
startTransition @ react-dom-client.development.js:7843
dispatch @ use-action-queue.js:54
dispatchAppRouterAction @ use-action-queue.js:37
dispatchNavigateAction @ app-router-instance.js:207
navigate @ link.js:82
exports.startTransition @ react.development.js:1129
linkClicked @ link.js:84
onClick @ link.js:315
executeDispatch @ react-dom-client.development.js:16502
runWithFiberInDEV @ react-dom-client.development.js:845
processDispatchQueue @ react-dom-client.development.js:16552
eval @ react-dom-client.development.js:17150
batchedUpdates$1 @ react-dom-client.development.js:3263
dispatchEventForPluginEventSystem @ react-dom-client.development.js:16706
dispatchEvent @ react-dom-client.development.js:20816
dispatchDiscreteEvent @ react-dom-client.development.js:20784
<a>
exports.jsx @ react-jsx-runtime.development.js:339
LinkComponent @ link.js:365
react-stack-bottom-frame @ react-dom-client.development.js:22974
renderWithHooksAgain @ react-dom-client.development.js:6767
renderWithHooks @ react-dom-client.development.js:6679
updateFunctionComponent @ react-dom-client.development.js:8931
beginWork @ react-dom-client.development.js:10556
runWithFiberInDEV @ react-dom-client.development.js:845
performUnitOfWork @ react-dom-client.development.js:15258
workLoopConcurrentByScheduler @ react-dom-client.development.js:15252
renderRootConcurrent @ react-dom-client.development.js:15227
performWorkOnRoot @ react-dom-client.development.js:14525
performWorkOnRootViaSchedulerTask @ react-dom-client.development.js:16350
performWorkUntilDeadline @ scheduler.development.js:45
<LinkComponent>
exports.jsxDEV @ react-jsx-dev-runtime.development.js:346
HomePage @ page.tsx:26
react-stack-bottom-frame @ react-dom-client.development.js:22974
renderWithHooksAgain @ react-dom-client.development.js:6767
renderWithHooks @ react-dom-client.development.js:6679
updateFunctionComponent @ react-dom-client.development.js:8931
beginWork @ react-dom-client.development.js:10556
runWithFiberInDEV @ react-dom-client.development.js:845
performUnitOfWork @ react-dom-client.development.js:15258
workLoopConcurrentByScheduler @ react-dom-client.development.js:15252
renderRootConcurrent @ react-dom-client.development.js:15227
performWorkOnRoot @ react-dom-client.development.js:14525
performWorkOnRootViaSchedulerTask @ react-dom-client.development.js:16350
performWorkUntilDeadline @ scheduler.development.js:45
<HomePage>
exports.jsx @ react-jsx-runtime.development.js:339
ClientPageRoot @ client-page.js:20
react-stack-bottom-frame @ react-dom-client.development.js:22974
renderWithHooksAgain @ react-dom-client.development.js:6767
renderWithHooks @ react-dom-client.development.js:6679
updateFunctionComponent @ react-dom-client.development.js:8931
beginWork @ react-dom-client.development.js:10505
runWithFiberInDEV @ react-dom-client.development.js:845
performUnitOfWork @ react-dom-client.development.js:15258
workLoopConcurrentByScheduler @ react-dom-client.development.js:15252
renderRootConcurrent @ react-dom-client.development.js:15227
performWorkOnRoot @ react-dom-client.development.js:14525
performWorkOnRootViaSchedulerTask @ react-dom-client.development.js:16350
performWorkUntilDeadline @ scheduler.development.js:45
"use client"
eval @ react-server-dom-webpack-client.browser.development.js:2354
initializeModelChunk @ react-server-dom-webpack-client.browser.development.js:1054
resolveModelChunk @ react-server-dom-webpack-client.browser.development.js:1031
resolveModel @ react-server-dom-webpack-client.browser.development.js:1599
processFullStringRow @ react-server-dom-webpack-client.browser.development.js:2288
processFullBinaryRow @ react-server-dom-webpack-client.browser.development.js:2233
progress @ react-server-dom-webpack-client.browser.development.js:2479
"use server"
ResponseInstance @ react-server-dom-webpack-client.browser.development.js:1587
createResponseFromOptions @ react-server-dom-webpack-client.browser.development.js:2396
exports.createFromReadableStream @ react-server-dom-webpack-client.browser.development.js:2717
eval @ app-index.js:132
(app-pages-browser)/./node_modules/next/dist/client/app-index.js @ main-app.js?v=1752410985956:160
options.factory @ webpack.js?v=1752410985956:712
__webpack_require__ @ webpack.js?v=1752410985956:37
fn @ webpack.js?v=1752410985956:369
eval @ app-next-dev.js:11
eval @ app-bootstrap.js:62
loadScriptsInSequence @ app-bootstrap.js:23
appBootstrap @ app-bootstrap.js:56
eval @ app-next-dev.js:10
(app-pages-browser)/./node_modules/next/dist/client/app-next-dev.js @ main-app.js?v=1752410985956:182
options.factory @ webpack.js?v=1752410985956:712
__webpack_require__ @ webpack.js?v=1752410985956:37
__webpack_exec__ @ main-app.js?v=1752410985956:2824
(anonymous) @ main-app.js?v=1752410985956:2825
webpackJsonpCallback @ webpack.js?v=1752410985956:1388
(anonymous) @ main-app.js?v=1752410985956:9Understand this warning
storeUtils.ts:113 [ModelStore] Enhanced mode detected and working undefined
storeUtils.ts:113 [ModelStore] Model data cached successfully 